#
# There is insufficient memory for the Java Runtime Environment to continue.
# Native memory allocation (mmap) failed to map 257949696 bytes for G1 virtual space
# Possible reasons:
#   The system is out of physical RAM or swap space
#   The process is running with CompressedOops enabled, and the Java Heap may be blocking the growth of the native heap
# Possible solutions:
#   Reduce memory load on the system
#   Increase physical memory or swap space
#   Check if swap backing store is full
#   Decrease Java heap size (-Xmx/-Xms)
#   Decrease number of Java threads
#   Decrease Java thread stack sizes (-Xss)
#   Set larger code cache with -XX:ReservedCodeCacheSize=
#   JVM is running with Zero Based Compressed Oops mode in which the Java heap is
#     placed in the first 32GB address space. The Java Heap base address is the
#     maximum limit for the native heap growth. Please use -XX:HeapBaseMinAddress
#     to set the Java Heap base and to place the Java Heap above 32GB virtual address.
# This output file may be truncated or incomplete.
#
#  Out of Memory Error (os_windows.cpp:3613), pid=30192, tid=33292
#
# JRE version:  (17.0.10+7) (build )
# Java VM: OpenJDK 64-Bit Server VM (17.0.10+7-LTS, mixed mode, sharing, tiered, compressed oops, compressed class ptrs, g1 gc, windows-amd64)
# No core dump will be written. Minidumps are not enabled by default on client versions of Windows
#

---------------  S U M M A R Y ------------

Command Line: C:\Users\timaz\AppData\Local\Temp\surefire2099802627120996042\surefirebooter-20250105164206045_3.jar C:\Users\timaz\AppData\Local\Temp\surefire2099802627120996042 2025-01-05T16-42-04_548-jvmRun1 surefire-20250105164206045_1tmp surefire_0-20250105164206045_2tmp

Host: AMD Ryzen 7 4800H with Radeon Graphics         , 16 cores, 15G,  Windows 11 , 64 bit Build 22621 (10.0.22621.4391)
Time: Sun Jan  5 16:42:06 2025 RTZ 4 (s 11 , 64 bit Build 22621 (10.0.22621.4391) elapsed time: 0.010670 seconds (0d 0h 0m 0s)

---------------  T H R E A D  ---------------

Current thread (0x0000015b003c3d70):  JavaThread "Unknown thread" [_thread_in_vm, id=33292, stack(0x0000000acc600000,0x0000000acc700000)]

Stack: [0x0000000acc600000,0x0000000acc700000]
Native frames: (J=compiled Java code, j=interpreted, Vv=VM code, C=native code)
V  [jvm.dll+0x67d2c9]
V  [jvm.dll+0x834b1a]
V  [jvm.dll+0x8365de]
V  [jvm.dll+0x836c43]
V  [jvm.dll+0x2477ff]
V  [jvm.dll+0x67a109]
V  [jvm.dll+0x66eb7a]
V  [jvm.dll+0x30764b]
V  [jvm.dll+0x30eaf6]
V  [jvm.dll+0x35e83e]
V  [jvm.dll+0x35ea6f]
V  [jvm.dll+0x2de248]
V  [jvm.dll+0x2df1b4]
V  [jvm.dll+0x806381]
V  [jvm.dll+0x36c6f1]
V  [jvm.dll+0x7e4e26]
V  [jvm.dll+0x3eff3f]
V  [jvm.dll+0x3f1b71]
C  [jli.dll+0x528f]
C  [ucrtbase.dll+0x29333]
C  [KERNEL32.DLL+0x1259d]
C  [ntdll.dll+0x5af38]


---------------  P R O C E S S  ---------------

Threads class SMR info:
_java_thread_list=0x00007ffbc1a5ee98, length=0, elements={
}

Java Threads: ( => current thread )

Other Threads:
  0x0000015b0042cc40 GCTaskThread "GC Thread#0" [stack: 0x0000000acc700000,0x0000000acc800000] [id=38292]
  0x0000015b0043d190 ConcurrentGCThread "G1 Main Marker" [stack: 0x0000000acc800000,0x0000000acc900000] [id=27832]
  0x0000015b0043fec0 ConcurrentGCThread "G1 Conc#0" [stack: 0x0000000acc900000,0x0000000acca00000] [id=39512]

[error occurred during error reporting (printing all threads), id 0xc0000005, EXCEPTION_ACCESS_VIOLATION (0xc0000005) at pc=0x00007ffbc121ec87]

VM state: not at safepoint (not fully initialized)

VM Mutex/Monitor currently owned by a thread:  ([mutex/lock_event])
[0x0000015b003c24b0] Heap_lock - owner thread: 0x0000015b003c3d70

Heap address: 0x000000070a000000, size: 3936 MB, Compressed Oops mode: Zero based, Oop shift amount: 3

CDS archive(s) mapped at: [0x0000000000000000-0x0000000000000000-0x0000000000000000), size 0, SharedBaseAddress: 0x0000000800000000, ArchiveRelocationMode: 1.
Narrow klass base: 0x0000000000000000, Narrow klass shift: 0, Narrow klass range: 0x0

GC Precious Log:
<Empty>

Heap:
 garbage-first heap   total 0K, used 0K [0x000000070a000000, 0x0000000800000000)
  region size 2048K, 0 young (0K), 0 survivors (0K)

[error occurred during error reporting (printing heap information), id 0xc0000005, EXCEPTION_ACCESS_VIOLATION (0xc0000005) at pc=0x00007ffbc1606fb9]

GC Heap History (0 events):
No events

Dll operation events (1 events):
Event: 0.006 Loaded shared library C:\Users\timaz\.jdks\corretto-17.0.10\bin\java.dll

Deoptimization events (0 events):
No events

Classes unloaded (0 events):
No events

Classes redefined (0 events):
No events

Internal exceptions (0 events):
No events

VM Operations (0 events):
No events

Events (0 events):
No events


Dynamic libraries:
0x00007ff666310000 - 0x00007ff66631e000 	C:\Users\timaz\.jdks\corretto-17.0.10\bin\java.exe
0x00007ffc161f0000 - 0x00007ffc16407000 	C:\Windows\SYSTEM32\ntdll.dll
0x00007ffc14790000 - 0x00007ffc14854000 	C:\Windows\System32\KERNEL32.DLL
0x00007ffc13800000 - 0x00007ffc13bba000 	C:\Windows\System32\KERNELBASE.dll
0x00007ffc13dd0000 - 0x00007ffc13ee1000 	C:\Windows\System32\ucrtbase.dll
0x00007ffbf7920000 - 0x00007ffbf7937000 	C:\Users\timaz\.jdks\corretto-17.0.10\bin\jli.dll
0x00007ffbf7900000 - 0x00007ffbf791b000 	C:\Users\timaz\.jdks\corretto-17.0.10\bin\VCRUNTIME140.dll
0x00007ffc16000000 - 0x00007ffc161ae000 	C:\Windows\System32\USER32.dll
0x00007ffbfe5b0000 - 0x00007ffbfe842000 	C:\Windows\WinSxS\amd64_microsoft.windows.common-controls_6595b64144ccf1df_6.0.22621.4541_none_2710d1c57384c085\COMCTL32.dll
0x00007ffc13710000 - 0x00007ffc13736000 	C:\Windows\System32\win32u.dll
0x00007ffc14dd0000 - 0x00007ffc14e77000 	C:\Windows\System32\msvcrt.dll
0x00007ffc15750000 - 0x00007ffc15779000 	C:\Windows\System32\GDI32.dll
0x00007ffc134f0000 - 0x00007ffc1360b000 	C:\Windows\System32\gdi32full.dll
0x00007ffc13d30000 - 0x00007ffc13dca000 	C:\Windows\System32\msvcp_win.dll
0x00007ffc14e80000 - 0x00007ffc14eb1000 	C:\Windows\System32\IMM32.DLL
0x00007ffc0b6d0000 - 0x00007ffc0b6dc000 	C:\Users\timaz\.jdks\corretto-17.0.10\bin\vcruntime140_1.dll
0x00007ffbdbcb0000 - 0x00007ffbdbd3d000 	C:\Users\timaz\.jdks\corretto-17.0.10\bin\msvcp140.dll
0x00007ffbc0f30000 - 0x00007ffbc1b92000 	C:\Users\timaz\.jdks\corretto-17.0.10\bin\server\jvm.dll
0x00007ffc15640000 - 0x00007ffc156f2000 	C:\Windows\System32\ADVAPI32.dll
0x00007ffc14510000 - 0x00007ffc145b7000 	C:\Windows\System32\sechost.dll
0x00007ffc134c0000 - 0x00007ffc134e8000 	C:\Windows\System32\bcrypt.dll
0x00007ffc14030000 - 0x00007ffc14144000 	C:\Windows\System32\RPCRT4.dll
0x00007ffbfdca0000 - 0x00007ffbfdca9000 	C:\Windows\SYSTEM32\WSOCK32.dll
0x00007ffc131e0000 - 0x00007ffc1322d000 	C:\Windows\SYSTEM32\POWRPROF.dll
0x00007ffc0d710000 - 0x00007ffc0d744000 	C:\Windows\SYSTEM32\WINMM.dll
0x00007ffc13fb0000 - 0x00007ffc14021000 	C:\Windows\System32\WS2_32.dll
0x00007ffc09bb0000 - 0x00007ffc09bba000 	C:\Windows\SYSTEM32\VERSION.dll
0x00007ffc13110000 - 0x00007ffc13123000 	C:\Windows\SYSTEM32\UMPDC.dll
0x00007ffc124d0000 - 0x00007ffc124e8000 	C:\Windows\SYSTEM32\kernel.appcore.dll
0x00007ffc0b650000 - 0x00007ffc0b65a000 	C:\Users\timaz\.jdks\corretto-17.0.10\bin\jimage.dll
0x00007ffc10a80000 - 0x00007ffc10cb2000 	C:\Windows\SYSTEM32\DBGHELP.DLL
0x00007ffc14860000 - 0x00007ffc14bef000 	C:\Windows\System32\combase.dll
0x00007ffc14cf0000 - 0x00007ffc14dc7000 	C:\Windows\System32\OLEAUT32.dll
0x00007ffc00b90000 - 0x00007ffc00bc2000 	C:\Windows\SYSTEM32\dbgcore.DLL
0x00007ffc13690000 - 0x00007ffc1370b000 	C:\Windows\System32\bcryptPrimitives.dll
0x00007ffbf70e0000 - 0x00007ffbf7105000 	C:\Users\timaz\.jdks\corretto-17.0.10\bin\java.dll

dbghelp: loaded successfully - version: 4.0.5 - missing functions: none
symbol engine: initialized successfully - sym options: 0x614 - pdb path: .;C:\Users\timaz\.jdks\corretto-17.0.10\bin;C:\Windows\SYSTEM32;C:\Windows\WinSxS\amd64_microsoft.windows.common-controls_6595b64144ccf1df_6.0.22621.4541_none_2710d1c57384c085;C:\Users\timaz\.jdks\corretto-17.0.10\bin\server

VM Arguments:
java_command: C:\Users\timaz\AppData\Local\Temp\surefire2099802627120996042\surefirebooter-20250105164206045_3.jar C:\Users\timaz\AppData\Local\Temp\surefire2099802627120996042 2025-01-05T16-42-04_548-jvmRun1 surefire-20250105164206045_1tmp surefire_0-20250105164206045_2tmp
java_class_path (initial): C:\Users\timaz\AppData\Local\Temp\surefire2099802627120996042\surefirebooter-20250105164206045_3.jar
Launcher Type: SUN_STANDARD

[Global flags]
     intx CICompilerCount                          = 12                                        {product} {ergonomic}
     uint ConcGCThreads                            = 3                                         {product} {ergonomic}
     uint G1ConcRefinementThreads                  = 13                                        {product} {ergonomic}
   size_t G1HeapRegionSize                         = 2097152                                   {product} {ergonomic}
    uintx GCDrainStackTargetSize                   = 64                                        {product} {ergonomic}
   size_t InitialHeapSize                          = 257949696                                 {product} {ergonomic}
   size_t MarkStackSize                            = 4194304                                   {product} {ergonomic}
   size_t MaxHeapSize                              = 4127195136                                {product} {ergonomic}
   size_t MinHeapDeltaBytes                        = 2097152                                   {product} {ergonomic}
   size_t MinHeapSize                              = 8388608                                   {product} {ergonomic}
    uintx NonNMethodCodeHeapSize                   = 7602480                                {pd product} {ergonomic}
    uintx NonProfiledCodeHeapSize                  = 122027880                              {pd product} {ergonomic}
    uintx ProfiledCodeHeapSize                     = 122027880                              {pd product} {ergonomic}
    uintx ReservedCodeCacheSize                    = 251658240                              {pd product} {ergonomic}
     bool SegmentedCodeCache                       = true                                      {product} {ergonomic}
   size_t SoftMaxHeapSize                          = 4127195136                             {manageable} {ergonomic}
     bool UseCompressedClassPointers               = true                           {product lp64_product} {ergonomic}
     bool UseCompressedOops                        = true                           {product lp64_product} {ergonomic}
     bool UseG1GC                                  = true                                      {product} {ergonomic}
     bool UseLargePagesIndividualAllocation        = false                                  {pd product} {ergonomic}

Logging:
Log output configuration:
 #0: stdout all=warning uptime,level,tags
 #1: stderr all=off uptime,level,tags

Environment Variables:
JAVA_HOME=C:\Program Files\Amazon Corretto\jdk1.8.0_412
PATH=C:\Program Files\Amazon Corretto\jdk17.0.13_11\bin;C:\Program Files\Amazon Corretto\jdk1.8.0_412\bin;C:\Program Files\Common Files\Oracle\Java\javapath;C:\Windows\system32;C:\Windows;C:\Windows\System32\Wbem;C:\Windows\System32\WindowsPowerShell\v1.0\;C:\Windows\System32\OpenSSH\;C:\Program Files\Git\cmd;C:\Program Files\dotnet\;C:\Program Files\Docker\Docker\resources\bin;C:\Program Files\Microsoft Visual Studio\2022\Community\VC\Tools\MSVC\14.41.34120\bin\Hostx64\x64;C:\Program Files (x86)\Windows Kits\10\Windows Performance Toolkit\;C:\Program Files\Apache\Maven\apache-maven-3.9.9-bin\apache-maven-3.9.9\bin;%JAVA_PATH%\bin;"C:\Program Files\Microsoft Visual Studio\2022\Community\VC\Tools\MSVC\14.41.34120\bin\HostX86\x86;C:\Program Files\Microsoft Visual Studio\2022\Community\Common7\IDE\VC\VCPackages;C:\Program Files\Microsoft Visual Studio\2022\Community\Common7\IDE\CommonExten";"C:\Program Files\Microsoft Visual Studio\2022\Community\VC\Tools\MSVC\14.41.34120\bin\HostX86\x86;C:\Program Files\Microsoft Visual Studio\2022\Community\Common7\IDE\VC\VCPackages;C:\Program Files\Microsoft Visual Studio\2022\Community\Common7\IDE\CommonExten";C:\Users\timaz\AppData\Local\Microsoft\WindowsApps;;C:\Users\timaz\AppData\Local\Programs\Microsoft VS Code\bin;C:\Users\timaz\.dotnet\tools
USERNAME=timaz
LIBPATH=C:\Program Files\Microsoft Visual Studio\2022\Community\VC\Tools\MSVC\14.41.34120\ATLMFC\lib\x64;C:\Program Files\Microsoft Visual Studio\2022\Community\VC\Tools\MSVC\14.41.34120\lib\x64;C:\Program Files\Microsoft Visual Studio\2022\Community\VC\Tools\MSVC\14.41.34120\lib\x86\store\references;C:\Program Files (x86)\Windows Kits\10\UnionMetadata\10.0.22621.0;C:\Program Files (x86)\Windows Kits\10\References\10.0.22621.0;C:\Windows\Microsoft.NET\Framework64\v4.0.30319
OS=Windows_NT
PROCESSOR_IDENTIFIER=AMD64 Family 23 Model 96 Stepping 1, AuthenticAMD
TMP=C:\Users\timaz\AppData\Local\Temp
TEMP=C:\Users\timaz\AppData\Local\Temp



Periodic native trim disabled


---------------  S Y S T E M  ---------------

OS:
 Windows 11 , 64 bit Build 22621 (10.0.22621.4391)
OS uptime: 2 days 11:52 hours
Hyper-V role detected

CPU: total 16 (initial active 16) (16 cores per cpu, 2 threads per core) family 23 model 96 stepping 1 microcode 0x0, cx8, cmov, fxsr, ht, mmx, 3dnowpref, sse, sse2, sse3, ssse3, sse4a, sse4.1, sse4.2, popcnt, lzcnt, tsc, tscinvbit, avx, avx2, aes, clmul, bmi1, bmi2, adx, sha, fma, vzeroupper, clflush, clflushopt, hv
Processor Information for all 16 processors :
  Max Mhz: 2900, Current Mhz: 2900, Mhz Limit: 2900

Memory: 4k page, system-wide physical 15741M (637M free)
TotalPageFile size 28973M (AvailPageFile size 85M)
current process WorkingSet (physical memory assigned to process): 11M, peak: 11M
current process commit charge ("private bytes"): 71M, peak: 316M

vm_info: OpenJDK 64-Bit Server VM (17.0.10+7-LTS) for windows-amd64 JRE (17.0.10+7-LTS), built on Jan 10 2024 22:11:07 by "Administrator" with MS VC++ 16.10 / 16.11 (VS2019)

END.
